damosa_login_v2/build/app/intermediates/manifest_merge_blame_file/debug/manifest-merger-blame-debug-report.txt
1<?xml version="1.0" encoding="utf-8"?>
2<manifest xmlns:android="http://schemas.android.com/apk/res/android"
3    package="com.example.damosa_login"
4    android:versionCode="1"
5    android:versionName="1.0.0" >
6
7    <uses-sdk
8        android:minSdkVersion="19"
9        android:targetSdkVersion="31" />
10    <!--
11         Flutter needs it to communicate with the running application
12         to allow setting breakpoints, to provide hot reload, etc.
13    -->
14    <uses-permission android:name="android.permission.INTERNET" />
14-->src\debug\AndroidManifest.xml:6:5-66
14-->src\debug\AndroidManifest.xml:6:22-64
15
16    <queries>
16-->[:kakao_flutter_sdk] AndroidManifest.xml:7:5-15:15
17        <package android:name="com.kakao.talk" />
17-->[:kakao_flutter_sdk] AndroidManifest.xml:8:9-50
17-->[:kakao_flutter_sdk] AndroidManifest.xml:8:18-47
18        <package android:name="com.kakao.onetalk" />
18-->[:kakao_flutter_sdk] AndroidManifest.xml:9:9-53
18-->[:kakao_flutter_sdk] AndroidManifest.xml:9:18-50
19        <package android:name="com.android.chrome" />
19-->[:kakao_flutter_sdk] AndroidManifest.xml:10:9-54
19-->[:kakao_flutter_sdk] AndroidManifest.xml:10:18-51
20        <package android:name="com.chrome.beta" />
20-->[:kakao_flutter_sdk] AndroidManifest.xml:11:9-51
20-->[:kakao_flutter_sdk] AndroidManifest.xml:11:18-48
21        <package android:name="com.chrome.dev" />
21-->[:kakao_flutter_sdk] AndroidManifest.xml:12:9-50
21-->[:kakao_flutter_sdk] AndroidManifest.xml:12:18-47
22        <package android:name="com.locnall.KimGiSa" />
22-->[:kakao_flutter_sdk] AndroidManifest.xml:13:9-55
22-->[:kakao_flutter_sdk] AndroidManifest.xml:13:18-52
23        <package android:name="com.lguplus.navi" />
23-->[:kakao_flutter_sdk] AndroidManifest.xml:14:9-52
23-->[:kakao_flutter_sdk] AndroidManifest.xml:14:18-49
24    </queries>
25
26    <application
27        android:name="android.app.Application"
28        android:appComponentFactory="androidx.core.app.CoreComponentFactory"
28-->[androidx.core:core:1.6.0] AndroidManifest.xml:24:18-86
29        android:debuggable="true"
30        android:icon="@mipmap/ic_launcher"
31        android:label="damosa_login" >
32        <activity
33            android:name="com.example.damosa_login.MainActivity"
34            android:configChanges="orientation|keyboardHidden|keyboard|screenSize|smallestScreenSize|locale|layoutDirection|fontScale|screenLayout|density|uiMode"
35            android:exported="true"
36            android:hardwareAccelerated="true"
37            android:launchMode="singleTop"
38            android:theme="@style/LaunchTheme"
39            android:windowSoftInputMode="adjustResize" >
40
41            <!--
42                 Specifies an Android theme to apply to this Activity as soon as
43                 the Android process has started. This theme is visible to the user
44                 while the Flutter UI initializes. After that, this theme continues
45                 to determine the Window background behind the Flutter UI.
46            -->
47            <meta-data
48                android:name="io.flutter.embedding.android.NormalTheme"
49                android:resource="@style/NormalTheme" />
50
51            <intent-filter>
52                <action android:name="android.intent.action.MAIN" />
53
54                <category android:name="android.intent.category.LAUNCHER" />
55            </intent-filter>
56        </activity>
57        <!--
58             Don't delete the meta-data below.
59             This is used by the Flutter tool to generate GeneratedPluginRegistrant.java
60        -->
61        <meta-data
62            android:name="flutterEmbedding"
63            android:value="2" />
64
65        <activity
65-->[:kakao_flutter_sdk] AndroidManifest.xml:18:9-22:20
66            android:name="com.kakao.sdk.flutter.TalkAuthCodeActivity"
66-->[:kakao_flutter_sdk] AndroidManifest.xml:19:13-70
67            android:launchMode="singleTask"
67-->[:kakao_flutter_sdk] AndroidManifest.xml:20:13-44
68            android:theme="@style/TransparentCompat" >
68-->[:kakao_flutter_sdk] AndroidManifest.xml:21:13-53
69        </activity>
70        <activity
70-->[:kakao_flutter_sdk] AndroidManifest.xml:23:9-27:56
71            android:name="com.kakao.sdk.flutter.AuthCodeCustomTabsActivity"
71-->[:kakao_flutter_sdk] AndroidManifest.xml:24:13-76
72            android:exported="true"
72-->[:kakao_flutter_sdk] AndroidManifest.xml:25:13-36
73            android:launchMode="singleTask"
73-->[:kakao_flutter_sdk] AndroidManifest.xml:26:13-44
74            android:theme="@style/TransparentCompat" />
74-->[:kakao_flutter_sdk] AndroidManifest.xml:27:13-53
75
76        <uses-library
76-->[androidx.window:window:1.0.0-beta04] AndroidManifest.xml:25:9-27:40
77            android:name="androidx.window.extensions"
77-->[androidx.window:window:1.0.0-beta04] AndroidManifest.xml:26:13-54
78            android:required="false" />
78-->[androidx.window:window:1.0.0-beta04] AndroidManifest.xml:27:13-37
79        <uses-library
79-->[androidx.window:window:1.0.0-beta04] AndroidManifest.xml:28:9-30:40
80            android:name="androidx.window.sidecar"
80-->[androidx.window:window:1.0.0-beta04] AndroidManifest.xml:29:13-51
81            android:required="false" />
81-->[androidx.window:window:1.0.0-beta04] AndroidManifest.xml:30:13-37
82    </application>
83
84</manifest>